<?xml version="1.0" encoding="UTF-8"?>
<robot generator="Robot 5.0 (Python 3.10.2 on win32)" generated="20220506 09:47:03.987" rpa="false" schemaversion="3">
<suite id="s1" name="Demo5" source="C:\Users\admin\Desktop\robot project\selenium_suide\demo5.robot">
<test id="s1-t1" name="TC1" line="6">
<kw name="Append To Environment Variable" library="OperatingSystem">
<arg>path</arg>
<arg>C:\\Users\\admin\\Desktop\\robot project\\driver</arg>
<doc>Appends given ``values`` to environment variable ``name``.</doc>
<msg timestamp="20220506 09:47:06.846" level="INFO">Environment variable 'path' set to value 'C:\Python\Divya\Scripts\;C:\Python\Divya\;C:\Program Files\Common Files\Oracle\Java\javapath;C:\Windows\system32;C:\Windows;C:\Windows\System32\Wbem;C:\Windows\System32\WindowsPowerShell\v1.0\;C:\Windows\System32\OpenSSH\;C:\Program Files\Java\jdk-15.0.2\bin;C:\Program Files\Java\jdk-15.0.2\bin;C:\Program Files\Git\cmd;C:\MinGW\bin;C;C:\Users\admin\AppData\Local\Microsoft\WindowsApps;C:\Users\admin\AppData\Local\Programs\Microsoft VS Code\bin;C:\Program Files\JetBrains\PyCharm 2021.3.2\bin;;C:\Users\admin\Desktop\robot project\driver'.</msg>
<status status="PASS" starttime="20220506 09:47:06.846" endtime="20220506 09:47:06.846"/>
</kw>
<kw name="Open Browser" library="SeleniumLibrary">
<arg>https://www.salesforce.com/</arg>
<arg>browser=chrome</arg>
<doc>Opens a new browser instance to the optional ``url``.</doc>
<msg timestamp="20220506 09:47:06.846" level="INFO">Opening browser 'chrome' to base url 'https://www.salesforce.com/'.</msg>
<status status="PASS" starttime="20220506 09:47:06.846" endtime="20220506 09:47:34.998"/>
</kw>
<kw name="Maximize Browser Window" library="SeleniumLibrary">
<doc>Maximizes current browser window.</doc>
<status status="PASS" starttime="20220506 09:47:34.999" endtime="20220506 09:47:35.179"/>
</kw>
<kw name="Set Selenium Implicit Wait" library="SeleniumLibrary">
<arg>30s</arg>
<doc>Sets the implicit wait value used by Selenium.</doc>
<status status="PASS" starttime="20220506 09:47:35.188" endtime="20220506 09:47:35.196"/>
</kw>
<kw name="Click Element" library="SeleniumLibrary">
<arg>link=Try Free</arg>
<doc>Click the element identified by ``locator``.</doc>
<msg timestamp="20220506 09:47:35.198" level="INFO">Clicking element 'link=Try Free'.</msg>
<msg timestamp="20220506 09:48:05.642" level="INFO" html="true">&lt;/td&gt;&lt;/tr&gt;&lt;tr&gt;&lt;td colspan="3"&gt;&lt;a href="selenium-screenshot-17.png"&gt;&lt;img src="selenium-screenshot-17.png" width="800px"&gt;&lt;/a&gt;</msg>
<msg timestamp="20220506 09:48:05.643" level="FAIL">Element with locator 'link=Try Free' not found.</msg>
<status status="FAIL" starttime="20220506 09:47:35.197" endtime="20220506 09:48:05.747"/>
</kw>
<kw name="Input Text" library="SeleniumLibrary">
<arg>name=UserFirstName</arg>
<arg>Divya</arg>
<doc>Types the given ``text`` into the text field identified by ``locator``.</doc>
<status status="NOT RUN" starttime="20220506 09:48:05.748" endtime="20220506 09:48:05.748"/>
</kw>
<kw name="Input Text" library="SeleniumLibrary">
<arg>name=UserLastName</arg>
<arg>ABHI</arg>
<doc>Types the given ``text`` into the text field identified by ``locator``.</doc>
<status status="NOT RUN" starttime="20220506 09:48:05.749" endtime="20220506 09:48:05.749"/>
</kw>
<kw name="Input Text" library="SeleniumLibrary">
<arg>name=UserEmail</arg>
<arg>gdivya0809@gmail.com</arg>
<doc>Types the given ``text`` into the text field identified by ``locator``.</doc>
<status status="NOT RUN" starttime="20220506 09:48:05.750" endtime="20220506 09:48:05.750"/>
</kw>
<kw name="Select From List By Label" library="SeleniumLibrary">
<arg>name=UserTitle</arg>
<arg>It Manager</arg>
<doc>Selects options from selection list ``locator`` by ``labels``.</doc>
<status status="NOT RUN" starttime="20220506 09:48:05.751" endtime="20220506 09:48:05.751"/>
</kw>
<kw name="Input Text" library="SeleniumLibrary">
<arg>name=CompanyName</arg>
<arg>LTTS</arg>
<doc>Types the given ``text`` into the text field identified by ``locator``.</doc>
<status status="NOT RUN" starttime="20220506 09:48:05.752" endtime="20220506 09:48:05.752"/>
</kw>
<kw name="Select From List By Value" library="SeleniumLibrary">
<arg>name=CompanyEmployees</arg>
<arg>1 - 15 employees</arg>
<doc>Selects options from selection list ``locator`` by ``values``.</doc>
<status status="NOT RUN" starttime="20220506 09:48:05.753" endtime="20220506 09:48:05.753"/>
</kw>
<kw name="Select From List By Label" library="SeleniumLibrary">
<arg>name=CompanyCountry</arg>
<arg>India</arg>
<doc>Selects options from selection list ``locator`` by ``labels``.</doc>
<status status="NOT RUN" starttime="20220506 09:48:05.754" endtime="20220506 09:48:05.754"/>
</kw>
<kw name="Click Element" library="SeleniumLibrary">
<arg>xpath=(//div[@class='checkbox-ui'])(1)</arg>
<doc>Click the element identified by ``locator``.</doc>
<status status="NOT RUN" starttime="20220506 09:48:05.754" endtime="20220506 09:48:05.754"/>
</kw>
<kw name="Click Element" library="SeleniumLibrary">
<arg>name=start my free trial</arg>
<doc>Click the element identified by ``locator``.</doc>
<status status="NOT RUN" starttime="20220506 09:48:05.755" endtime="20220506 09:48:05.755"/>
</kw>
<kw name="Element Text Should Be" library="SeleniumLibrary">
<arg>xpath=//span[contains[@id,'UserPhone')]</arg>
<arg>enter a valid phone number</arg>
<doc>Verifies that element ``locator`` contains exact the text ``expected``.</doc>
<status status="NOT RUN" starttime="20220506 09:48:05.755" endtime="20220506 09:48:05.755"/>
</kw>
<status status="FAIL" starttime="20220506 09:47:06.846" endtime="20220506 09:48:05.757">Element with locator 'link=Try Free' not found.</status>
</test>
<status status="FAIL" starttime="20220506 09:47:04.019" endtime="20220506 09:48:05.759"/>
</suite>
<statistics>
<total>
<stat pass="0" fail="1" skip="0">All Tests</stat>
</total>
<tag>
</tag>
<suite>
<stat pass="0" fail="1" skip="0" id="s1" name="Demo5">Demo5</stat>
</suite>
</statistics>
<errors>
</errors>
</robot>
