<?xml version="1.0" encoding="UTF-8"?>
<robot generator="Robot 5.0 (Python 3.10.2 on win32)" generated="20220504 16:02:21.974" rpa="false" schemaversion="3">
<suite id="s1" name="Demo1 Suide" source="C:\Users\admin\Desktop\robot project\robot_suide\demo1_suide.robot">
<test id="s1-t1" name="TC1" line="5">
<kw name="Log To Console" library="BuiltIn">
<arg>Hello everyone</arg>
<doc>Logs the given message to the console.</doc>
<status status="PASS" starttime="20220504 16:02:22.271" endtime="20220504 16:02:22.271"/>
</kw>
<kw name="Log To Console" library="BuiltIn">
<arg>Hello welcome</arg>
<doc>Logs the given message to the console.</doc>
<status status="PASS" starttime="20220504 16:02:22.271" endtime="20220504 16:02:22.287"/>
</kw>
<status status="PASS" starttime="20220504 16:02:22.271" endtime="20220504 16:02:22.287"/>
</test>
<status status="PASS" starttime="20220504 16:02:22.006" endtime="20220504 16:02:22.287"/>
</suite>
<statistics>
<total>
<stat pass="1" fail="0" skip="0">All Tests</stat>
</total>
<tag>
</tag>
<suite>
<stat pass="1" fail="0" skip="0" id="s1" name="Demo1 Suide">Demo1 Suide</stat>
</suite>
</statistics>
<errors>
</errors>
</robot>
